<?xml version="1.0" encoding="UTF-8"?>
<!-- Generated by org.testng.reporters.JUnitReportReporter -->
<testsuite skipped="0" hostname="P12-T165934" name="com.crm.Vtiger.Contacts.Tests.TC_02_CreateOrganizationWithRandom" tests="1" failures="0" timestamp="2021-09-09T10:47:01 IST" time="134.899" errors="0">
  <testcase name="createOrganizationWithRandom" time="134.899" classname="com.crm.Vtiger.Contacts.Tests.TC_02_CreateOrganizationWithRandom"/>
  <system-out/>
</testsuite> <!-- com.crm.Vtiger.Contacts.Tests.TC_02_CreateOrganizationWithRandom -->
