<?xml version="1.0" encoding="UTF-8"?>
<!-- Generated by org.testng.reporters.JUnitReportReporter -->
<testsuite skipped="0" hostname="P12-T165934" name="com.crm.practice.WebTableXpath" tests="1" failures="0" timestamp="2021-09-07T22:26:55 IST" time="91.128" errors="0">
  <testcase name="tableXpath" time="91.128" classname="com.crm.practice.WebTableXpath"/>
  <system-out/>
</testsuite> <!-- com.crm.practice.WebTableXpath -->
