<?xml version="1.0" encoding="UTF-8"?>
<!-- Generated by org.testng.reporters.JUnitReportReporter -->
<testsuite skipped="0" hostname="P12-T165934" name="com.crm.practice.ReadFromXml" tests="1" failures="0" timestamp="2021-09-07T15:10:23 IST" time="0.015" errors="0">
  <testcase name="readDataFromXML" time="0.015" classname="com.crm.practice.ReadFromXml"/>
  <system-out/>
</testsuite> <!-- com.crm.practice.ReadFromXml -->
