<?xml version="1.0" encoding="UTF-8"?>
<!-- Generated by org.testng.reporters.JUnitReportReporter -->
<testsuite skipped="0" hostname="P12-T165934" name="com.crm.Vtiger.Products.Tests.TC_01_CreateProductsTest" tests="1" failures="0" timestamp="2021-09-09T16:20:12 IST" time="51.625" errors="0">
  <testcase name="createProduct" time="51.625" classname="com.crm.Vtiger.Products.Tests.TC_01_CreateProductsTest"/>
  <system-out/>
</testsuite> <!-- com.crm.Vtiger.Products.Tests.TC_01_CreateProductsTest -->
