<?xml version="1.0" encoding="UTF-8"?>
<!-- Generated by org.testng.reporters.JUnitReportReporter -->
<testsuite skipped="0" hostname="P12-T165934" name="com.crm.autodesk.organizationTest.TC_03_CreateOrganizationWithIndustry" tests="1" failures="0" timestamp="2021-09-12T12:47:54 IST" time="48.995" errors="0">
  <testcase name="createOrganizationTest" time="48.995" classname="com.crm.autodesk.organizationTest.TC_03_CreateOrganizationWithIndustry"/>
  <system-out/>
</testsuite> <!-- com.crm.autodesk.organizationTest.TC_03_CreateOrganizationWithIndustry -->
