<?xml version="1.0" encoding="UTF-8"?>
<!-- Generated by org.testng.reporters.JUnitReportReporter -->
<testsuite skipped="0" hostname="P12-T165934" name="com.crm.Vtiger.genericsUtils.TC_22_ClickOnSaveAndAllTheFillsAreSaveOrNot" tests="1" failures="0" timestamp="2021-09-12T17:35:30 IST" time="51.045" errors="0">
  <testcase name="createOpportunityWithOrganization" time="51.045" classname="com.crm.Vtiger.genericsUtils.TC_22_ClickOnSaveAndAllTheFillsAreSaveOrNot"/>
  <system-out/>
</testsuite> <!-- com.crm.Vtiger.genericsUtils.TC_22_ClickOnSaveAndAllTheFillsAreSaveOrNot -->
