<?xml version="1.0" encoding="UTF-8"?>
<!-- Generated by org.testng.reporters.JUnitReportReporter -->
<testsuite skipped="0" hostname="P12-T165934" name="com.crm.Vtiger.Contacts.Tests.TC_01_CreateContactWithOrganizationTest" tests="1" failures="0" timestamp="2021-09-08T21:25:43 IST" time="86.966" errors="0">
  <testcase name="createContactWithOrganization" time="86.966" classname="com.crm.Vtiger.Contacts.Tests.TC_01_CreateContactWithOrganizationTest"/>
  <system-out/>
</testsuite> <!-- com.crm.Vtiger.Contacts.Tests.TC_01_CreateContactWithOrganizationTest -->
