<?xml version="1.0" encoding="UTF-8"?>
<!-- Generated by org.testng.reporters.JUnitReportReporter -->
<testsuite skipped="0" hostname="P12-T165934" name="com.crm.practice.ReadDataFromXmlTest" tests="1" failures="0" timestamp="2021-09-19T10:55:09 IST" time="77.308" errors="0">
  <testcase name="readDataFromXML" time="77.308" classname="com.crm.practice.ReadDataFromXmlTest"/>
  <system-out/>
</testsuite> <!-- com.crm.practice.ReadDataFromXmlTest -->
